Performing C++ SOURCE FILE Test COMPILER_SUPPORT_Wunusedlocaltypedefs failed with the following output:
Change Dir: /Users/yi/Desktop/2017 spring course/NMPDE/exercise1/series1_handout/2d-FD-porous/build/Eigen-prefix/src/Eigen-build/CMakeFiles/CMakeTmp

Run Build Command:"/usr/bin/make" "cmTC_9b748/fast"
/Applications/Xcode.app/Contents/Developer/usr/bin/make -f CMakeFiles/cmTC_9b748.dir/build.make CMakeFiles/cmTC_9b748.dir/build
Building CXX object CMakeFiles/cmTC_9b748.dir/src.cxx.o
/Applications/Xcode.app/Contents/Developer/Toolchains/XcodeDefault.xctoolchain/usr/bin/c++     -fexceptions -pedantic -Wall -Wextra -Wundef -Wcast-align -Wchar-subscripts -Wnon-virtual-dtor -DCOMPILER_SUPPORT_Wunusedlocaltypedefs -Werror -isysroot /Applications/Xcode.app/Contents/Developer/Platforms/MacOSX.platform/Developer/SDKs/MacOSX10.10.sdk   -Wunused-local-typedefs -o CMakeFiles/cmTC_9b748.dir/src.cxx.o -c "/Users/yi/Desktop/2017 spring course/NMPDE/exercise1/series1_handout/2d-FD-porous/build/Eigen-prefix/src/Eigen-build/CMakeFiles/CMakeTmp/src.cxx"
error: unknown warning option '-Wunused-local-typedefs' [-Werror,-Wunknown-warning-option]
make[4]: *** [CMakeFiles/cmTC_9b748.dir/src.cxx.o] Error 1
make[3]: *** [cmTC_9b748/fast] Error 2

Source file was:
int main() { return 0; }
Performing C++ SOURCE FILE Test COMPILER_SUPPORT_Wnopsabi failed with the following output:
Change Dir: /Users/yi/Desktop/2017 spring course/NMPDE/exercise1/series1_handout/2d-FD-porous/build/Eigen-prefix/src/Eigen-build/CMakeFiles/CMakeTmp

Run Build Command:"/usr/bin/make" "cmTC_9b4ef/fast"
/Applications/Xcode.app/Contents/Developer/usr/bin/make -f CMakeFiles/cmTC_9b4ef.dir/build.make CMakeFiles/cmTC_9b4ef.dir/build
Building CXX object CMakeFiles/cmTC_9b4ef.dir/src.cxx.o
/Applications/Xcode.app/Contents/Developer/Toolchains/XcodeDefault.xctoolchain/usr/bin/c++     -fexceptions -pedantic -Wall -Wextra -Wundef -Wcast-align -Wchar-subscripts -Wnon-virtual-dtor -Wpointer-arith -Wwrite-strings -Wformat-security -DCOMPILER_SUPPORT_Wnopsabi -Werror -isysroot /Applications/Xcode.app/Contents/Developer/Platforms/MacOSX.platform/Developer/SDKs/MacOSX10.10.sdk   -Wno-psabi -o CMakeFiles/cmTC_9b4ef.dir/src.cxx.o -c "/Users/yi/Desktop/2017 spring course/NMPDE/exercise1/series1_handout/2d-FD-porous/build/Eigen-prefix/src/Eigen-build/CMakeFiles/CMakeTmp/src.cxx"
error: unknown warning option '-Wno-psabi' [-Werror,-Wunknown-warning-option]
make[4]: *** [CMakeFiles/cmTC_9b4ef.dir/src.cxx.o] Error 1
make[3]: *** [cmTC_9b4ef/fast] Error 2

Source file was:
int main() { return 0; }
Performing C++ SOURCE FILE Test COMPILER_SUPPORT_wd981 failed with the following output:
Change Dir: /Users/yi/Desktop/2017 spring course/NMPDE/exercise1/series1_handout/2d-FD-porous/build/Eigen-prefix/src/Eigen-build/CMakeFiles/CMakeTmp

Run Build Command:"/usr/bin/make" "cmTC_ce804/fast"
/Applications/Xcode.app/Contents/Developer/usr/bin/make -f CMakeFiles/cmTC_ce804.dir/build.make CMakeFiles/cmTC_ce804.dir/build
Building CXX object CMakeFiles/cmTC_ce804.dir/src.cxx.o
/Applications/Xcode.app/Contents/Developer/Toolchains/XcodeDefault.xctoolchain/usr/bin/c++     -fexceptions -pedantic -Wall -Wextra -Wundef -Wcast-align -Wchar-subscripts -Wnon-virtual-dtor -Wpointer-arith -Wwrite-strings -Wformat-security -Wno-variadic-macros -Wno-long-long -fno-check-new -fno-common -fstrict-aliasing -DCOMPILER_SUPPORT_wd981 -Werror -isysroot /Applications/Xcode.app/Contents/Developer/Platforms/MacOSX.platform/Developer/SDKs/MacOSX10.10.sdk   -wd981 -o CMakeFiles/cmTC_ce804.dir/src.cxx.o -c "/Users/yi/Desktop/2017 spring course/NMPDE/exercise1/series1_handout/2d-FD-porous/build/Eigen-prefix/src/Eigen-build/CMakeFiles/CMakeTmp/src.cxx"
clang: error: unknown argument: '-wd981'
make[4]: *** [CMakeFiles/cmTC_ce804.dir/src.cxx.o] Error 1
make[3]: *** [cmTC_ce804/fast] Error 2

Source file was:
int main() { return 0; }
Performing C++ SOURCE FILE Test COMPILER_SUPPORT_wd2304 failed with the following output:
Change Dir: /Users/yi/Desktop/2017 spring course/NMPDE/exercise1/series1_handout/2d-FD-porous/build/Eigen-prefix/src/Eigen-build/CMakeFiles/CMakeTmp

Run Build Command:"/usr/bin/make" "cmTC_33926/fast"
/Applications/Xcode.app/Contents/Developer/usr/bin/make -f CMakeFiles/cmTC_33926.dir/build.make CMakeFiles/cmTC_33926.dir/build
Building CXX object CMakeFiles/cmTC_33926.dir/src.cxx.o
/Applications/Xcode.app/Contents/Developer/Toolchains/XcodeDefault.xctoolchain/usr/bin/c++     -fexceptions -pedantic -Wall -Wextra -Wundef -Wcast-align -Wchar-subscripts -Wnon-virtual-dtor -Wpointer-arith -Wwrite-strings -Wformat-security -Wno-variadic-macros -Wno-long-long -fno-check-new -fno-common -fstrict-aliasing -DCOMPILER_SUPPORT_wd2304 -Werror -isysroot /Applications/Xcode.app/Contents/Developer/Platforms/MacOSX.platform/Developer/SDKs/MacOSX10.10.sdk   -wd2304 -o CMakeFiles/cmTC_33926.dir/src.cxx.o -c "/Users/yi/Desktop/2017 spring course/NMPDE/exercise1/series1_handout/2d-FD-porous/build/Eigen-prefix/src/Eigen-build/CMakeFiles/CMakeTmp/src.cxx"
clang: error: unknown argument: '-wd2304'
make[4]: *** [CMakeFiles/cmTC_33926.dir/src.cxx.o] Error 1
make[3]: *** [cmTC_33926/fast] Error 2

Source file was:
int main() { return 0; }
Performing C++ SOURCE FILE Test COMPILER_SUPPORT_STRICTANSI failed with the following output:
Change Dir: /Users/yi/Desktop/2017 spring course/NMPDE/exercise1/series1_handout/2d-FD-porous/build/Eigen-prefix/src/Eigen-build/CMakeFiles/CMakeTmp

Run Build Command:"/usr/bin/make" "cmTC_6fcef/fast"
/Applications/Xcode.app/Contents/Developer/usr/bin/make -f CMakeFiles/cmTC_6fcef.dir/build.make CMakeFiles/cmTC_6fcef.dir/build
Building CXX object CMakeFiles/cmTC_6fcef.dir/src.cxx.o
/Applications/Xcode.app/Contents/Developer/Toolchains/XcodeDefault.xctoolchain/usr/bin/c++     -fexceptions -pedantic -Wall -Wextra -Wundef -Wcast-align -Wchar-subscripts -Wnon-virtual-dtor -Wpointer-arith -Wwrite-strings -Wformat-security -Wno-variadic-macros -Wno-long-long -fno-check-new -fno-common -fstrict-aliasing -DCOMPILER_SUPPORT_STRICTANSI -Werror -isysroot /Applications/Xcode.app/Contents/Developer/Platforms/MacOSX.platform/Developer/SDKs/MacOSX10.10.sdk   -strict-ansi -o CMakeFiles/cmTC_6fcef.dir/src.cxx.o -c "/Users/yi/Desktop/2017 spring course/NMPDE/exercise1/series1_handout/2d-FD-porous/build/Eigen-prefix/src/Eigen-build/CMakeFiles/CMakeTmp/src.cxx"
clang: error: unknown argument: '-strict-ansi'
make[4]: *** [CMakeFiles/cmTC_6fcef.dir/src.cxx.o] Error 1
make[3]: *** [cmTC_6fcef/fast] Error 2

Source file was:
int main() { return 0; }
Determining if the Q_WS_X11 exist failed with the following output:
Change Dir: /Users/yi/Desktop/2017 spring course/NMPDE/exercise1/series1_handout/2d-FD-porous/build/Eigen-prefix/src/Eigen-build/CMakeFiles/CMakeTmp

Run Build Command:"/usr/bin/make" "cmTC_d9a75/fast"
/Applications/Xcode.app/Contents/Developer/usr/bin/make -f CMakeFiles/cmTC_d9a75.dir/build.make CMakeFiles/cmTC_d9a75.dir/build
Building CXX object CMakeFiles/cmTC_d9a75.dir/CheckSymbolExists.cxx.o
/Applications/Xcode.app/Contents/Developer/Toolchains/XcodeDefault.xctoolchain/usr/bin/c++    -I/Users/yi/anaconda/include  -fexceptions -pedantic -Wall -Wextra -Wundef -Wcast-align -Wchar-subscripts -Wnon-virtual-dtor -Wpointer-arith -Wwrite-strings -Wformat-security -Wno-variadic-macros -Wno-long-long -fno-check-new -fno-common -fstrict-aliasing -Qunused-arguments -ansi  -isysroot /Applications/Xcode.app/Contents/Developer/Platforms/MacOSX.platform/Developer/SDKs/MacOSX10.10.sdk   -o CMakeFiles/cmTC_d9a75.dir/CheckSymbolExists.cxx.o -c "/Users/yi/Desktop/2017 spring course/NMPDE/exercise1/series1_handout/2d-FD-porous/build/Eigen-prefix/src/Eigen-build/CMakeFiles/CMakeTmp/CheckSymbolExists.cxx"
/Users/yi/Desktop/2017 spring course/NMPDE/exercise1/series1_handout/2d-FD-porous/build/Eigen-prefix/src/Eigen-build/CMakeFiles/CMakeTmp/CheckSymbolExists.cxx:8:19: error: use of undeclared identifier 'Q_WS_X11'
  return ((int*)(&Q_WS_X11))[argc];
                  ^
1 error generated.
make[4]: *** [CMakeFiles/cmTC_d9a75.dir/CheckSymbolExists.cxx.o] Error 1
make[3]: *** [cmTC_d9a75/fast] Error 2

File /Users/yi/Desktop/2017 spring course/NMPDE/exercise1/series1_handout/2d-FD-porous/build/Eigen-prefix/src/Eigen-build/CMakeFiles/CMakeTmp/CheckSymbolExists.cxx:
/* */
#include <QtCore/qglobal.h>

int main(int argc, char** argv)
{
  (void)argv;
#ifndef Q_WS_X11
  return ((int*)(&Q_WS_X11))[argc];
#else
  (void)argc;
  return 0;
#endif
}

Determining if the Q_WS_WIN exist failed with the following output:
Change Dir: /Users/yi/Desktop/2017 spring course/NMPDE/exercise1/series1_handout/2d-FD-porous/build/Eigen-prefix/src/Eigen-build/CMakeFiles/CMakeTmp

Run Build Command:"/usr/bin/make" "cmTC_f51aa/fast"
/Applications/Xcode.app/Contents/Developer/usr/bin/make -f CMakeFiles/cmTC_f51aa.dir/build.make CMakeFiles/cmTC_f51aa.dir/build
Building CXX object CMakeFiles/cmTC_f51aa.dir/CheckSymbolExists.cxx.o
/Applications/Xcode.app/Contents/Developer/Toolchains/XcodeDefault.xctoolchain/usr/bin/c++    -I/Users/yi/anaconda/include  -fexceptions -pedantic -Wall -Wextra -Wundef -Wcast-align -Wchar-subscripts -Wnon-virtual-dtor -Wpointer-arith -Wwrite-strings -Wformat-security -Wno-variadic-macros -Wno-long-long -fno-check-new -fno-common -fstrict-aliasing -Qunused-arguments -ansi  -isysroot /Applications/Xcode.app/Contents/Developer/Platforms/MacOSX.platform/Developer/SDKs/MacOSX10.10.sdk   -o CMakeFiles/cmTC_f51aa.dir/CheckSymbolExists.cxx.o -c "/Users/yi/Desktop/2017 spring course/NMPDE/exercise1/series1_handout/2d-FD-porous/build/Eigen-prefix/src/Eigen-build/CMakeFiles/CMakeTmp/CheckSymbolExists.cxx"
/Users/yi/Desktop/2017 spring course/NMPDE/exercise1/series1_handout/2d-FD-porous/build/Eigen-prefix/src/Eigen-build/CMakeFiles/CMakeTmp/CheckSymbolExists.cxx:8:19: error: use of undeclared identifier 'Q_WS_WIN'
  return ((int*)(&Q_WS_WIN))[argc];
                  ^
1 error generated.
make[4]: *** [CMakeFiles/cmTC_f51aa.dir/CheckSymbolExists.cxx.o] Error 1
make[3]: *** [cmTC_f51aa/fast] Error 2

File /Users/yi/Desktop/2017 spring course/NMPDE/exercise1/series1_handout/2d-FD-porous/build/Eigen-prefix/src/Eigen-build/CMakeFiles/CMakeTmp/CheckSymbolExists.cxx:
/* */
#include <QtCore/qglobal.h>

int main(int argc, char** argv)
{
  (void)argv;
#ifndef Q_WS_WIN
  return ((int*)(&Q_WS_WIN))[argc];
#else
  (void)argc;
  return 0;
#endif
}

Determining if the Q_WS_QWS exist failed with the following output:
Change Dir: /Users/yi/Desktop/2017 spring course/NMPDE/exercise1/series1_handout/2d-FD-porous/build/Eigen-prefix/src/Eigen-build/CMakeFiles/CMakeTmp

Run Build Command:"/usr/bin/make" "cmTC_bc4a7/fast"
/Applications/Xcode.app/Contents/Developer/usr/bin/make -f CMakeFiles/cmTC_bc4a7.dir/build.make CMakeFiles/cmTC_bc4a7.dir/build
Building CXX object CMakeFiles/cmTC_bc4a7.dir/CheckSymbolExists.cxx.o
/Applications/Xcode.app/Contents/Developer/Toolchains/XcodeDefault.xctoolchain/usr/bin/c++    -I/Users/yi/anaconda/include  -fexceptions -pedantic -Wall -Wextra -Wundef -Wcast-align -Wchar-subscripts -Wnon-virtual-dtor -Wpointer-arith -Wwrite-strings -Wformat-security -Wno-variadic-macros -Wno-long-long -fno-check-new -fno-common -fstrict-aliasing -Qunused-arguments -ansi  -isysroot /Applications/Xcode.app/Contents/Developer/Platforms/MacOSX.platform/Developer/SDKs/MacOSX10.10.sdk   -o CMakeFiles/cmTC_bc4a7.dir/CheckSymbolExists.cxx.o -c "/Users/yi/Desktop/2017 spring course/NMPDE/exercise1/series1_handout/2d-FD-porous/build/Eigen-prefix/src/Eigen-build/CMakeFiles/CMakeTmp/CheckSymbolExists.cxx"
/Users/yi/Desktop/2017 spring course/NMPDE/exercise1/series1_handout/2d-FD-porous/build/Eigen-prefix/src/Eigen-build/CMakeFiles/CMakeTmp/CheckSymbolExists.cxx:8:19: error: use of undeclared identifier 'Q_WS_QWS'
  return ((int*)(&Q_WS_QWS))[argc];
                  ^
1 error generated.
make[4]: *** [CMakeFiles/cmTC_bc4a7.dir/CheckSymbolExists.cxx.o] Error 1
make[3]: *** [cmTC_bc4a7/fast] Error 2

File /Users/yi/Desktop/2017 spring course/NMPDE/exercise1/series1_handout/2d-FD-porous/build/Eigen-prefix/src/Eigen-build/CMakeFiles/CMakeTmp/CheckSymbolExists.cxx:
/* */
#include <QtCore/qglobal.h>

int main(int argc, char** argv)
{
  (void)argv;
#ifndef Q_WS_QWS
  return ((int*)(&Q_WS_QWS))[argc];
#else
  (void)argc;
  return 0;
#endif
}

